<?xml version="1.0" encoding="UTF-8"?>
<!-- Generated by org.testng.reporters.JUnitXMLReporter -->
<testsuite hostname="Ravindar_PC" name="Test" tests="4" failures="0" timestamp="7 Jul 2014 17:42:33 GMT" time="0.017" errors="0">
  <testcase name="@BeforeSuite setUP" time="0.0" classname="com.newtours.Test.Functional_Test">
    <failure type="java.lang.NullPointerException">
      <![CDATA[java.lang.NullPointerException
	at com.newtours.Test.Functional_Test.setUP(Functional_Test.java:36)
... Removed 18 stack frames]]>
    </failure>
  </testcase> <!-- @BeforeSuite setUP -->
  <testcase name="@BeforeTest testLogin" time="0.0" classname="com.newtours.Test.Functional_Test">
    <skipped/>
  </testcase> <!-- @BeforeTest testLogin -->
  <testcase name="test_OneWayFlights" time="0.001" classname="com.newtours.Test.Functional_Test">
    <skipped/>
  </testcase> <!-- test_OneWayFlights -->
  <testcase name="test_PassengetDetails" time="0.0" classname="com.newtours.Test.Functional_Test">
    <skipped/>
  </testcase> <!-- test_PassengetDetails -->
  <testcase name="testHomePage02" time="0.0" classname="com.newtours.Test.Functional_Test">
    <skipped/>
  </testcase> <!-- testHomePage02 -->
  <testcase name="testHomePage03" time="0.001" classname="com.newtours.Test.Functional_Test">
    <skipped/>
  </testcase> <!-- testHomePage03 -->
</testsuite> <!-- Test -->
